<?xml version="1.0" encoding="UTF-8"?>
<!-- Generated by org.testng.reporters.JUnitReportReporter -->
<testsuite hostname="INSML-H55MD6M" failures="1" tests="10" name="com.paraBanking.TestRunner.TestRunner" time="768.362" errors="0" timestamp="2022-12-18T01:01:18 IST" skipped="0">
  <testcase classname="com.paraBanking.TestRunner.TestRunner" name="runScenario" time="71.830"/>
  <system-out/>
  <testcase classname="com.paraBanking.TestRunner.TestRunner" name="runScenario" time="71.471"/>
  <system-out/>
  <testcase classname="com.paraBanking.TestRunner.TestRunner" name="runScenario" time="64.392"/>
  <system-out/>
  <testcase classname="com.paraBanking.TestRunner.TestRunner" name="runScenario" time="72.094"/>
  <system-out/>
  <testcase classname="com.paraBanking.TestRunner.TestRunner" name="runScenario" time="71.630"/>
  <system-out/>
  <testcase classname="com.paraBanking.TestRunner.TestRunner" name="runScenario" time="125.333">
    <failure message="Amount didn&#039;t get credited to Riya" type="java.lang.AssertionError">
      <![CDATA[java.lang.AssertionError: Amount didn't get credited to Riya
at org.testng.Assert.fail(Assert.java:110)
at com.paraBanking.stepDefinitions.ParaBankStepDefinitions.verifyBalanceAndTransactionTable(ParaBankStepDefinitions.java:303)
at âœ½.Verify that balance and transaction table details of Checking account is correct after receiving amount of 50 <from-to> Riya(file:///Users/snimma868/Demo/paraBanking/src/test/resources/paraBanking.feature:23)
]]>
    </failure>
  </testcase> <!-- runScenario -->
  <system-out/>
  <testcase classname="com.paraBanking.TestRunner.TestRunner" name="runScenario" time="74.914"/>
  <system-out/>
  <testcase classname="com.paraBanking.TestRunner.TestRunner" name="runScenario" time="72.164"/>
  <system-out/>
  <testcase classname="com.paraBanking.TestRunner.TestRunner" name="runScenario" time="71.406"/>
  <system-out/>
  <testcase classname="com.paraBanking.TestRunner.TestRunner" name="runScenario" time="73.128"/>
  <system-out/>
</testsuite> <!-- com.paraBanking.TestRunner.TestRunner -->
