<?xml version="1.0" encoding="UTF-8"?>
<!-- Generated by org.testng.reporters.JUnitReportReporter -->
<testsuite hostname="INSML-H55MD6M" failures="0" tests="10" name="com.paraBanking.TestRunner.TestRunner" time="0.099" errors="10" timestamp="2022-12-17T02:41:50 IST" skipped="0">
  <testcase classname="com.paraBanking.TestRunner.TestRunner" name="runScenario" time="0.004">
    <error message="Cannot invoke &quot;org.openqa.selenium.WebDriver.get(String)&quot; because &quot;com.paraBanking.stepDefinitions.ParaBankStepDefinitions.driver&quot; is null" type="java.lang.NullPointerException">
      <![CDATA[java.lang.NullPointerException: Cannot invoke "org.openqa.selenium.WebDriver.get(String)" because "com.paraBanking.stepDefinitions.ParaBankStepDefinitions.driver" is null
at com.paraBanking.stepDefinitions.ParaBankStepDefinitions.openParaBank(ParaBankStepDefinitions.java:106)
at ✽.Open the paraBanking Website(file:///Users/snimma868/Demo/paraBanking/src/test/resources/Login.feature:34)
]]>
    </error>
  </testcase> <!-- runScenario -->
  <system-out/>
  <testcase classname="com.paraBanking.TestRunner.TestRunner" name="runScenario" time="0.008">
    <error message="Cannot invoke &quot;org.openqa.selenium.WebDriver.get(String)&quot; because &quot;com.paraBanking.stepDefinitions.ParaBankStepDefinitions.driver&quot; is null" type="java.lang.NullPointerException">
      <![CDATA[java.lang.NullPointerException: Cannot invoke "org.openqa.selenium.WebDriver.get(String)" because "com.paraBanking.stepDefinitions.ParaBankStepDefinitions.driver" is null
at com.paraBanking.stepDefinitions.ParaBankStepDefinitions.openParaBank(ParaBankStepDefinitions.java:106)
at ✽.Open the paraBanking Website(file:///Users/snimma868/Demo/paraBanking/src/test/resources/Login.feature:34)
]]>
    </error>
  </testcase> <!-- runScenario -->
  <system-out/>
  <testcase classname="com.paraBanking.TestRunner.TestRunner" name="runScenario" time="0.003">
    <error message="Cannot invoke &quot;org.openqa.selenium.WebDriver.get(String)&quot; because &quot;com.paraBanking.stepDefinitions.ParaBankStepDefinitions.driver&quot; is null" type="java.lang.NullPointerException">
      <![CDATA[java.lang.NullPointerException: Cannot invoke "org.openqa.selenium.WebDriver.get(String)" because "com.paraBanking.stepDefinitions.ParaBankStepDefinitions.driver" is null
at com.paraBanking.stepDefinitions.ParaBankStepDefinitions.openParaBank(ParaBankStepDefinitions.java:106)
at ✽.Open the paraBanking Website(file:///Users/snimma868/Demo/paraBanking/src/test/resources/Login.feature:34)
]]>
    </error>
  </testcase> <!-- runScenario -->
  <system-out/>
  <testcase classname="com.paraBanking.TestRunner.TestRunner" name="runScenario" time="0.004">
    <error message="Cannot invoke &quot;org.openqa.selenium.WebDriver.get(String)&quot; because &quot;com.paraBanking.stepDefinitions.ParaBankStepDefinitions.driver&quot; is null" type="java.lang.NullPointerException">
      <![CDATA[java.lang.NullPointerException: Cannot invoke "org.openqa.selenium.WebDriver.get(String)" because "com.paraBanking.stepDefinitions.ParaBankStepDefinitions.driver" is null
at com.paraBanking.stepDefinitions.ParaBankStepDefinitions.openParaBank(ParaBankStepDefinitions.java:106)
at ✽.Open the paraBanking Website(file:///Users/snimma868/Demo/paraBanking/src/test/resources/Login.feature:34)
]]>
    </error>
  </testcase> <!-- runScenario -->
  <system-out/>
  <testcase classname="com.paraBanking.TestRunner.TestRunner" name="runScenario" time="0.059">
    <error message="Cannot invoke &quot;org.openqa.selenium.WebDriver.get(String)&quot; because &quot;com.paraBanking.stepDefinitions.ParaBankStepDefinitions.driver&quot; is null" type="java.lang.NullPointerException">
      <![CDATA[java.lang.NullPointerException: Cannot invoke "org.openqa.selenium.WebDriver.get(String)" because "com.paraBanking.stepDefinitions.ParaBankStepDefinitions.driver" is null
at com.paraBanking.stepDefinitions.ParaBankStepDefinitions.openParaBank(ParaBankStepDefinitions.java:106)
at ✽.Open the paraBanking Website(file:///Users/snimma868/Demo/paraBanking/src/test/resources/Login.feature:4)
]]>
    </error>
  </testcase> <!-- runScenario -->
  <system-out/>
  <testcase classname="com.paraBanking.TestRunner.TestRunner" name="runScenario" time="0.004">
    <error message="Cannot invoke &quot;org.openqa.selenium.WebDriver.get(String)&quot; because &quot;com.paraBanking.stepDefinitions.ParaBankStepDefinitions.driver&quot; is null" type="java.lang.NullPointerException">
      <![CDATA[java.lang.NullPointerException: Cannot invoke "org.openqa.selenium.WebDriver.get(String)" because "com.paraBanking.stepDefinitions.ParaBankStepDefinitions.driver" is null
at com.paraBanking.stepDefinitions.ParaBankStepDefinitions.openParaBank(ParaBankStepDefinitions.java:106)
at ✽.Open the paraBanking Website(file:///Users/snimma868/Demo/paraBanking/src/test/resources/Login.feature:34)
]]>
    </error>
  </testcase> <!-- runScenario -->
  <system-out/>
  <testcase classname="com.paraBanking.TestRunner.TestRunner" name="runScenario" time="0.006">
    <error message="Cannot invoke &quot;org.openqa.selenium.WebDriver.get(String)&quot; because &quot;com.paraBanking.stepDefinitions.ParaBankStepDefinitions.driver&quot; is null" type="java.lang.NullPointerException">
      <![CDATA[java.lang.NullPointerException: Cannot invoke "org.openqa.selenium.WebDriver.get(String)" because "com.paraBanking.stepDefinitions.ParaBankStepDefinitions.driver" is null
at com.paraBanking.stepDefinitions.ParaBankStepDefinitions.openParaBank(ParaBankStepDefinitions.java:106)
at ✽.Open the paraBanking Website(file:///Users/snimma868/Demo/paraBanking/src/test/resources/Login.feature:17)
]]>
    </error>
  </testcase> <!-- runScenario -->
  <system-out/>
  <testcase classname="com.paraBanking.TestRunner.TestRunner" name="runScenario" time="0.003">
    <error message="Cannot invoke &quot;org.openqa.selenium.WebDriver.get(String)&quot; because &quot;com.paraBanking.stepDefinitions.ParaBankStepDefinitions.driver&quot; is null" type="java.lang.NullPointerException">
      <![CDATA[java.lang.NullPointerException: Cannot invoke "org.openqa.selenium.WebDriver.get(String)" because "com.paraBanking.stepDefinitions.ParaBankStepDefinitions.driver" is null
at com.paraBanking.stepDefinitions.ParaBankStepDefinitions.openParaBank(ParaBankStepDefinitions.java:106)
at ✽.Open the paraBanking Website(file:///Users/snimma868/Demo/paraBanking/src/test/resources/Login.feature:34)
]]>
    </error>
  </testcase> <!-- runScenario -->
  <system-out/>
  <testcase classname="com.paraBanking.TestRunner.TestRunner" name="runScenario" time="0.004">
    <error message="Cannot invoke &quot;org.openqa.selenium.WebDriver.get(String)&quot; because &quot;com.paraBanking.stepDefinitions.ParaBankStepDefinitions.driver&quot; is null" type="java.lang.NullPointerException">
      <![CDATA[java.lang.NullPointerException: Cannot invoke "org.openqa.selenium.WebDriver.get(String)" because "com.paraBanking.stepDefinitions.ParaBankStepDefinitions.driver" is null
at com.paraBanking.stepDefinitions.ParaBankStepDefinitions.openParaBank(ParaBankStepDefinitions.java:106)
at ✽.Open the paraBanking Website(file:///Users/snimma868/Demo/paraBanking/src/test/resources/Login.feature:34)
]]>
    </error>
  </testcase> <!-- runScenario -->
  <system-out/>
  <testcase classname="com.paraBanking.TestRunner.TestRunner" name="runScenario" time="0.004">
    <error message="Cannot invoke &quot;org.openqa.selenium.WebDriver.get(String)&quot; because &quot;com.paraBanking.stepDefinitions.ParaBankStepDefinitions.driver&quot; is null" type="java.lang.NullPointerException">
      <![CDATA[java.lang.NullPointerException: Cannot invoke "org.openqa.selenium.WebDriver.get(String)" because "com.paraBanking.stepDefinitions.ParaBankStepDefinitions.driver" is null
at com.paraBanking.stepDefinitions.ParaBankStepDefinitions.openParaBank(ParaBankStepDefinitions.java:106)
at ✽.Open the paraBanking Website(file:///Users/snimma868/Demo/paraBanking/src/test/resources/Login.feature:34)
]]>
    </error>
  </testcase> <!-- runScenario -->
  <system-out/>
</testsuite> <!-- com.paraBanking.TestRunner.TestRunner -->
