<?xml version="1.0" encoding="UTF-8"?>
<!-- Generated by org.testng.reporters.JUnitReportReporter -->
<testsuite hostname="INSML-H55MD6M" failures="1" tests="11" name="com.paraBanking.TestRunner.TestRunner" time="848.000" errors="0" timestamp="2022-12-18T15:28:49 IST" skipped="0">
  <testcase classname="com.paraBanking.TestRunner.TestRunner" name="runScenario" time="72.871"/>
  <system-out/>
  <testcase classname="com.paraBanking.TestRunner.TestRunner" name="runScenario" time="61.833"/>
  <system-out/>
  <testcase classname="com.paraBanking.TestRunner.TestRunner" name="runScenario" time="79.947"/>
  <system-out/>
  <testcase classname="com.paraBanking.TestRunner.TestRunner" name="runScenario" time="72.606"/>
  <system-out/>
  <testcase classname="com.paraBanking.TestRunner.TestRunner" name="runScenario" time="72.799"/>
  <system-out/>
  <testcase classname="com.paraBanking.TestRunner.TestRunner" name="runScenario" time="72.349"/>
  <system-out/>
  <testcase classname="com.paraBanking.TestRunner.TestRunner" name="runScenario" time="73.345"/>
  <system-out/>
  <testcase classname="com.paraBanking.TestRunner.TestRunner" name="runScenario" time="72.178"/>
  <system-out/>
  <testcase classname="com.paraBanking.TestRunner.TestRunner" name="runScenario" time="73.669"/>
  <system-out/>
  <testcase classname="com.paraBanking.TestRunner.TestRunner" name="runScenario" time="72.244"/>
  <system-out/>
  <testcase classname="com.paraBanking.TestRunner.TestRunner" name="runScenario" time="124.159">
    <failure message="Amount didn&#039;t get credited to Riya" type="java.lang.AssertionError">
      <![CDATA[java.lang.AssertionError: Amount didn't get credited to Riya
at org.testng.Assert.fail(Assert.java:110)
at com.paraBanking.stepDefinitions.ParaBankStepDefinitions.verifyBalanceAndTransactionTable(ParaBankStepDefinitions.java:309)
at âœ½.Verify that balance and transaction table details of Checking account is correct after receiving amount of 50 from Riya(file:///Users/snimma868/Demo/paraBanking/src/test/resources/paraBanking.feature:23)
]]>
    </failure>
  </testcase> <!-- runScenario -->
  <system-out/>
</testsuite> <!-- com.paraBanking.TestRunner.TestRunner -->
