<?xml version="1.0" encoding="UTF-8"?>
<!-- Generated by org.testng.reporters.JUnitReportReporter -->
<testsuite hostname="INSML-H55MD6M" failures="0" tests="1" name="com.paraBanking.testCases.TC_LoginTest_001" time="4.848" errors="0" timestamp="2022-12-14T23:43:02 IST" skipped="0">
  <testcase classname="com.paraBanking.testCases.TC_LoginTest_001" name="loginTest" time="4.848"/>
  <system-out/>
</testsuite> <!-- com.paraBanking.testCases.TC_LoginTest_001 -->
